<?xml version="1.0" encoding="UTF-8"?>
<!-- Generated by org.testng.reporters.JUnitReportReporter -->
<testsuite skipped="0" hostname="DESKTOP-R68CBN6" name="Assignment" tests="1" failures="0" timestamp="31 Aug 2019 07:28:56 GMT" time="15.802" errors="0">
  <testcase name="signinEbay" time="15.802" classname="Assignment"/>
</testsuite> <!-- Assignment -->
